This is pdfTeX, Version 3.141592653-2.6-1.40.27 (TeX Live 2025) (preloaded format=pdflatex 2025.6.26)  15 OCT 2025 11:00
entering extended mode
 restricted \write18 enabled.
 %&-line parsing enabled.
**catalog-20251015-110047.tex
(./catalog-20251015-110047.tex
LaTeX2e <2024-11-01> patch level 2
L3 programming layer <2025-01-18>
(/usr/local/texlive/2025basic/texmf-dist/tex/latex/base/article.cls
Document Class: article 2024/06/29 v1.4n Standard LaTeX document class
(/usr/local/texlive/2025basic/texmf-dist/tex/latex/base/size10.clo
File: size10.clo 2024/06/29 v1.4n Standard LaTeX file (size option)
)
\c@part=\count196
\c@section=\count197
\c@subsection=\count198
\c@subsubsection=\count199
\c@paragraph=\count266
\c@subparagraph=\count267
\c@figure=\count268
\c@table=\count269
\abovecaptionskip=\skip49
\belowcaptionskip=\skip50
\bibindent=\dimen141
)
(/usr/local/texlive/2025basic/texmf-dist/tex/latex/geometry/geometry.sty
Package: geometry 2020/01/02 v5.9 Page Geometry

(/usr/local/texlive/2025basic/texmf-dist/tex/latex/graphics/keyval.sty
Package: keyval 2022/05/29 v1.15 key=value parser (DPC)
\KV@toks@=\toks17
)
(/usr/local/texlive/2025basic/texmf-dist/tex/generic/iftex/ifvtex.sty
Package: ifvtex 2019/10/25 v1.7 ifvtex legacy package. Use iftex instead.

(/usr/local/texlive/2025basic/texmf-dist/tex/generic/iftex/iftex.sty
Package: iftex 2024/12/12 v1.0g TeX engine tests
))
\Gm@cnth=\count270
\Gm@cntv=\count271
\c@Gm@tempcnt=\count272
\Gm@bindingoffset=\dimen142
\Gm@wd@mp=\dimen143
\Gm@odd@mp=\dimen144
\Gm@even@mp=\dimen145
\Gm@layoutwidth=\dimen146
\Gm@layoutheight=\dimen147
\Gm@layouthoffset=\dimen148
\Gm@layoutvoffset=\dimen149
\Gm@dimlist=\toks18
)
(/usr/local/texlive/2025basic/texmf-dist/tex/latex/graphics/graphicx.sty
Package: graphicx 2021/09/16 v1.2d Enhanced LaTeX Graphics (DPC,SPQR)

(/usr/local/texlive/2025basic/texmf-dist/tex/latex/graphics/graphics.sty
Package: graphics 2024/08/06 v1.4g Standard LaTeX Graphics (DPC,SPQR)

(/usr/local/texlive/2025basic/texmf-dist/tex/latex/graphics/trig.sty
Package: trig 2023/12/02 v1.11 sin cos tan (DPC)
)
(/usr/local/texlive/2025basic/texmf-dist/tex/latex/graphics-cfg/graphics.cfg
File: graphics.cfg 2016/06/04 v1.11 sample graphics configuration
)
Package graphics Info: Driver file: pdftex.def on input line 106.

(/usr/local/texlive/2025basic/texmf-dist/tex/latex/graphics-def/pdftex.def
File: pdftex.def 2024/04/13 v1.2c Graphics/color driver for pdftex
))
\Gin@req@height=\dimen150
\Gin@req@width=\dimen151
)
(/usr/local/texlive/2025basic/texmf-dist/tex/latex/float/float.sty
Package: float 2001/11/08 v1.3d Float enhancements (AL)
\c@float@type=\count273
\float@exts=\toks19
\float@box=\box52
\@float@everytoks=\toks20
\@floatcapt=\box53
)
(/usr/local/texlive/2025basic/texmf-dist/tex/latex/tools/array.sty
Package: array 2024/10/17 v2.6g Tabular extension package (FMi)
\col@sep=\dimen152
\ar@mcellbox=\box54
\extrarowheight=\dimen153
\NC@list=\toks21
\extratabsurround=\skip51
\backup@length=\skip52
\ar@cellbox=\box55
)
(/usr/local/texlive/2025basic/texmf-dist/tex/latex/tools/multicol.sty
Package: multicol 2024/09/14 v1.9i multicolumn formatting (FMi)
\c@tracingmulticols=\count274
\mult@box=\box56
\multicol@leftmargin=\dimen154
\c@unbalance=\count275
\c@collectmore=\count276
\doublecol@number=\count277
\multicoltolerance=\count278
\multicolpretolerance=\count279
\full@width=\dimen155
\page@free=\dimen156
\premulticols=\dimen157
\postmulticols=\dimen158
\multicolsep=\skip53
\multicolbaselineskip=\skip54
\partial@page=\box57
\last@line=\box58
\mc@boxedresult=\box59
\maxbalancingoverflow=\dimen159
\mult@rightbox=\box60
\mult@grightbox=\box61
\mult@firstbox=\box62
\mult@gfirstbox=\box63
\@tempa=\box64
\@tempa=\box65
\@tempa=\box66
\@tempa=\box67
\@tempa=\box68
\@tempa=\box69
\@tempa=\box70
\@tempa=\box71
\@tempa=\box72
\@tempa=\box73
\@tempa=\box74
\@tempa=\box75
\@tempa=\box76
\@tempa=\box77
\@tempa=\box78
\@tempa=\box79
\@tempa=\box80
\@tempa=\box81
\@tempa=\box82
\@tempa=\box83
\@tempa=\box84
\@tempa=\box85
\@tempa=\box86
\@tempa=\box87
\@tempa=\box88
\@tempa=\box89
\@tempa=\box90
\@tempa=\box91
\@tempa=\box92
\@tempa=\box93
\@tempa=\box94
\@tempa=\box95
\@tempa=\box96
\@tempa=\box97
\@tempa=\box98
\@tempa=\box99
\c@minrows=\count280
\c@columnbadness=\count281
\c@finalcolumnbadness=\count282
\last@try=\dimen160
\multicolovershoot=\dimen161
\multicolundershoot=\dimen162
\mult@nat@firstbox=\box100
\colbreak@box=\box101
\mc@col@check@num=\count283
)
(/usr/local/texlive/2025basic/texmf-dist/tex/latex/l3backend/l3backend-pdftex.d
ef
File: l3backend-pdftex.def 2024-05-08 L3 backend support: PDF output (pdfTeX)
\l__color_backend_stack_int=\count284
\l__pdf_internal_box=\box102
)
No file catalog-20251015-110047.aux.
\openout1 = `catalog-20251015-110047.aux'.

LaTeX Font Info:    Checking defaults for OML/cmm/m/it on input line 12.
LaTeX Font Info:    ... okay on input line 12.
LaTeX Font Info:    Checking defaults for OMS/cmsy/m/n on input line 12.
LaTeX Font Info:    ... okay on input line 12.
LaTeX Font Info:    Checking defaults for OT1/cmr/m/n on input line 12.
LaTeX Font Info:    ... okay on input line 12.
LaTeX Font Info:    Checking defaults for T1/cmr/m/n on input line 12.
LaTeX Font Info:    ... okay on input line 12.
LaTeX Font Info:    Checking defaults for TS1/cmr/m/n on input line 12.
LaTeX Font Info:    ... okay on input line 12.
LaTeX Font Info:    Checking defaults for OMX/cmex/m/n on input line 12.
LaTeX Font Info:    ... okay on input line 12.
LaTeX Font Info:    Checking defaults for U/cmr/m/n on input line 12.
LaTeX Font Info:    ... okay on input line 12.
*geometry* driver: auto-detecting
*geometry* detected driver: pdftex
*geometry* verbose mode - [ preamble ] result:
* driver: pdftex
* paper: a4paper
* layout: <same size as paper>
* layoutoffset:(h,v)=(0.0pt,0.0pt)
* modes: 
* h-part:(L,W,R)=(28.45274pt, 540.60239pt, 28.45274pt)
* v-part:(T,H,B)=(28.45274pt, 788.14136pt, 28.45274pt)
* \paperwidth=597.50787pt
* \paperheight=845.04684pt
* \textwidth=540.60239pt
* \textheight=788.14136pt
* \oddsidemargin=-43.81725pt
* \evensidemargin=-43.81725pt
* \topmargin=-80.81725pt
* \headheight=12.0pt
* \headsep=25.0pt
* \topskip=10.0pt
* \footskip=30.0pt
* \marginparwidth=65.0pt
* \marginparsep=11.0pt
* \columnsep=10.0pt
* \skip\footins=9.0pt plus 4.0pt minus 2.0pt
* \hoffset=0.0pt
* \voffset=0.0pt
* \mag=1000
* \@twocolumnfalse
* \@twosidefalse
* \@mparswitchfalse
* \@reversemarginfalse
* (1in=72.27pt=25.4mm, 1cm=28.453pt)

(/usr/local/texlive/2025basic/texmf-dist/tex/context/base/mkii/supp-pdf.mkii
[Loading MPS to PDF converter (version 2006.09.02).]
\scratchcounter=\count285
\scratchdimen=\dimen163
\scratchbox=\box103
\nofMPsegments=\count286
\nofMParguments=\count287
\everyMPshowfont=\toks22
\MPscratchCnt=\count288
\MPscratchDim=\dimen164
\MPnumerator=\count289
\makeMPintoPDFobject=\count290
\everyMPtoPDFconversion=\toks23
)
(/usr/local/texlive/2025basic/texmf-dist/tex/latex/epstopdf-pkg/epstopdf-base.s
ty
Package: epstopdf-base 2020-01-24 v2.11 Base part for package epstopdf
Package epstopdf-base Info: Redefining graphics rule for `.eps' on input line 4
85.

(/usr/local/texlive/2025basic/texmf-dist/tex/latex/latexconfig/epstopdf-sys.cfg
File: epstopdf-sys.cfg 2010/07/13 v1.3 Configuration of (r)epstopdf for TeX Liv
e
))
LaTeX Font Info:    Font shape `OT1/cmtt/bx/n' in size <14.4> not available
(Font)              Font shape `OT1/cmtt/m/n' tried instead on input line 13.


! LaTeX Error: Unicode character  (U+000B)
               not set up for use with LaTeX.

See the LaTeX manual or LaTeX Companion for explanation.
Type  H <return>  for immediate help.
 ...                                              
                                                  
l.13 \section*{Tops — Base}
                              space*{2mm}
You may provide a definition with
\DeclareUnicodeCharacter 

<../assets/tees/white-moncler-tee.png, id=1, 913.4125pt x 876.27374pt>
File: ../assets/tees/white-moncler-tee.png Graphic file (type png)
<use ../assets/tees/white-moncler-tee.png>
Package pdftex.def Info: ../assets/tees/white-moncler-tee.png  used on input li
ne 15.
(pdftex.def)             Requested size: 118.93318pt x 114.0934pt.
<../assets/tees/white-polo-tee.png, id=3, 939.51pt x 876.27374pt>
File: ../assets/tees/white-polo-tee.png Graphic file (type png)
<use ../assets/tees/white-polo-tee.png>
Package pdftex.def Info: ../assets/tees/white-polo-tee.png  used on input line 
18.
(pdftex.def)             Requested size: 118.93318pt x 110.92451pt.
<../assets/tees/white-wide-tee.png, id=4, 962.59625pt x 884.30376pt>
File: ../assets/tees/white-wide-tee.png Graphic file (type png)
<use ../assets/tees/white-wide-tee.png>
Package pdftex.def Info: ../assets/tees/white-wide-tee.png  used on input line 
21.
(pdftex.def)             Requested size: 118.93318pt x 109.25583pt.
<../assets/midlayer/beige-polo-crewneck.png, id=5, 976.64874pt x 828.09375pt>
File: ../assets/midlayer/beige-polo-crewneck.png Graphic file (type png)
<use ../assets/midlayer/beige-polo-crewneck.png>
Package pdftex.def Info: ../assets/midlayer/beige-polo-crewneck.png  used on in
put line 24.
(pdftex.def)             Requested size: 118.93318pt x 100.8327pt.
<../assets/midlayer/green-polo-longsleeve.png, id=6, 941.5175pt x 902.37125pt>
File: ../assets/midlayer/green-polo-longsleeve.png Graphic file (type png)
<use ../assets/midlayer/green-polo-longsleeve.png>
Package pdftex.def Info: ../assets/midlayer/green-polo-longsleeve.png  used on 
input line 29.
(pdftex.def)             Requested size: 118.93318pt x 113.98026pt.
<../assets/tees/navy-polo-tee-red-horse.png, id=7, 927.465pt x 874.26625pt>
File: ../assets/tees/navy-polo-tee-red-horse.png Graphic file (type png)
<use ../assets/tees/navy-polo-tee-red-horse.png>
Package pdftex.def Info: ../assets/tees/navy-polo-tee-red-horse.png  used on in
put line 32.
(pdftex.def)             Requested size: 118.93318pt x 112.11113pt.
<../assets/tees/black-polo-tee-red-horse.png, id=8, 943.525pt x 860.21375pt>
File: ../assets/tees/black-polo-tee-red-horse.png Graphic file (type png)
<use ../assets/tees/black-polo-tee-red-horse.png>
Package pdftex.def Info: ../assets/tees/black-polo-tee-red-horse.png  used on i
nput line 35.
(pdftex.def)             Requested size: 118.93318pt x 108.43213pt.

Overfull \hbox (3.37975pt too wide) in paragraph at lines 13--37
\OT1/cmtt/m/n/10 space*2mm [] [] [] []
 []



[1

{/usr/local/texlive/2025basic/texmf-var/fonts/map/pdftex/updmap/pdftex.map} <..
/assets/tees/white-moncler-tee.png> <../assets/tees/white-polo-tee.png> <../ass
ets/tees/white-wide-tee.png> <../assets/midlayer/beige-polo-crewneck.png> <../a
ssets/midlayer/green-polo-longsleeve.png> <../assets/tees/navy-polo-tee-red-hor
se.png> <../assets/tees/black-polo-tee-red-horse.png>]

! LaTeX Error: Unicode character  (U+000B)
               not set up for use with LaTeX.

See the LaTeX manual or LaTeX Companion for explanation.
Type  H <return>  for immediate help.
 ...                                              
                                                  
l.38 \section*{Tops — Overshirt / Midlayer}
                                              space*{2mm}
You may provide a definition with
\DeclareUnicodeCharacter 

<../assets/midlayer/button-up-white.png, id=24, 916.42375pt x 892.33376pt>
File: ../assets/midlayer/button-up-white.png Graphic file (type png)
<use ../assets/midlayer/button-up-white.png>
Package pdftex.def Info: ../assets/midlayer/button-up-white.png  used on input 
line 40.
(pdftex.def)             Requested size: 118.93318pt x 115.80322pt.
<../assets/midlayer/beige-zip-hoodie.png, id=25, 924.45375pt x 1102.1175pt>
File: ../assets/midlayer/beige-zip-hoodie.png Graphic file (type png)
<use ../assets/midlayer/beige-zip-hoodie.png>
Package pdftex.def Info: ../assets/midlayer/beige-zip-hoodie.png  used on input
 line 43.
(pdftex.def)             Requested size: 118.93318pt x 141.78358pt.
<../assets/midlayer/green-linen-button-up.png, id=26, 1000.73875pt x 963.6pt>
File: ../assets/midlayer/green-linen-button-up.png Graphic file (type png)
<use ../assets/midlayer/green-linen-button-up.png>
Package pdftex.def Info: ../assets/midlayer/green-linen-button-up.png  used on 
input line 46.
(pdftex.def)             Requested size: 118.93318pt x 114.50955pt.
<../assets/midlayer/military-green-armani-button-up.png, id=27, 953.5625pt x 95
5.57pt>
File: ../assets/midlayer/military-green-armani-button-up.png Graphic file (type
 png)
<use ../assets/midlayer/military-green-armani-button-up.png>
Package pdftex.def Info: ../assets/midlayer/military-green-armani-button-up.png
  used on input line 49.
(pdftex.def)             Requested size: 118.93318pt x 119.1835pt.
<../assets/midlayer/blue-navy-full-zip.png, id=28, 937.5025pt x 898.35625pt>
File: ../assets/midlayer/blue-navy-full-zip.png Graphic file (type png)
<use ../assets/midlayer/blue-navy-full-zip.png>
Package pdftex.def Info: ../assets/midlayer/blue-navy-full-zip.png  used on inp
ut line 54.
(pdftex.def)             Requested size: 118.93318pt x 113.9666pt.
<../assets/midlayer/button-up-navy.png, id=29, 915.42pt x 888.31876pt>
File: ../assets/midlayer/button-up-navy.png Graphic file (type png)
<use ../assets/midlayer/button-up-navy.png>
Package pdftex.def Info: ../assets/midlayer/button-up-navy.png  used on input l
ine 57.
(pdftex.def)             Requested size: 118.93318pt x 115.40416pt.
<../assets/midlayer/black-half-button-long-sleeve.png, id=30, 1014.79124pt x 91
7.4275pt>
File: ../assets/midlayer/black-half-button-long-sleeve.png Graphic file (type p
ng)
<use ../assets/midlayer/black-half-button-long-sleeve.png>
Package pdftex.def Info: ../assets/midlayer/black-half-button-long-sleeve.png  
used on input line 60.
(pdftex.def)             Requested size: 118.93318pt x 107.51077pt.
<../assets/midlayer/black-hoodie-zip.png, id=31, 913.4125pt x 1104.125pt>
File: ../assets/midlayer/black-hoodie-zip.png Graphic file (type png)
<use ../assets/midlayer/black-hoodie-zip.png>
Package pdftex.def Info: ../assets/midlayer/black-hoodie-zip.png  used on input
 line 63.
(pdftex.def)             Requested size: 118.93318pt x 143.7603pt.
<../assets/midlayer/black-nike-hoodie.png, id=32, 850.17625pt x 1018.80624pt>
File: ../assets/midlayer/black-nike-hoodie.png Graphic file (type png)
<use ../assets/midlayer/black-nike-hoodie.png>
Package pdftex.def Info: ../assets/midlayer/black-nike-hoodie.png  used on inpu
t line 68.
(pdftex.def)             Requested size: 118.93318pt x 142.52307pt.

Overfull \hbox (3.37975pt too wide) in paragraph at lines 38--70
\OT1/cmtt/m/n/10 space*2mm [] [] [] []
 []


Overfull \hbox (90.8132pt too wide) in paragraph at lines 38--70
 [] [] [] []   [] 
 []



[2 <../assets/midlayer/button-up-white.png> <../assets/midlayer/beige-zip-hoodi
e.png> <../assets/midlayer/green-linen-button-up.png> <../assets/midlayer/milit
ary-green-armani-button-up.png> <../assets/midlayer/blue-navy-full-zip.png> <..
/assets/midlayer/button-up-navy.png> <../assets/midlayer/black-half-button-long
-sleeve.png> <../assets/midlayer/black-hoodie-zip.png> <../assets/midlayer/blac
k-nike-hoodie.png>]

! LaTeX Error: Unicode character  (U+000B)
               not set up for use with LaTeX.

See the LaTeX manual or LaTeX Companion for explanation.
Type  H <return>  for immediate help.
 ...                                              
                                                  
l.71 \section*{Jackets / Outerwear}
                                    space*{2mm}
You may provide a definition with
\DeclareUnicodeCharacter 

<../assets/jackets/black-montone.png, id=45, 689.57625pt x 768.8725pt>
File: ../assets/jackets/black-montone.png Graphic file (type png)
<use ../assets/jackets/black-montone.png>
Package pdftex.def Info: ../assets/jackets/black-montone.png  used on input lin
e 73.
(pdftex.def)             Requested size: 118.93318pt x 132.60718pt.
<../assets/jackets/black-parka-waterproof.png, id=46, 732.7375pt x 825.0825pt>
File: ../assets/jackets/black-parka-waterproof.png Graphic file (type png)
<use ../assets/jackets/black-parka-waterproof.png>
Package pdftex.def Info: ../assets/jackets/black-parka-waterproof.png  used on 
input line 76.
(pdftex.def)             Requested size: 118.93318pt x 133.91695pt.


[3 <../assets/jackets/black-montone.png> <../assets/jackets/black-parka-waterpr
oof.png>]

! LaTeX Error: Unicode character  (U+000B)
               not set up for use with LaTeX.

See the LaTeX manual or LaTeX Companion for explanation.
Type  H <return>  for immediate help.
 ...                                              
                                                  
l.79 \section*{Bottoms}
                        space*{2mm}
You may provide a definition with
\DeclareUnicodeCharacter 

<../assets/pants/green-linen-pants.png, id=52, 683.55376pt x 1060.96375pt>
File: ../assets/pants/green-linen-pants.png Graphic file (type png)
<use ../assets/pants/green-linen-pants.png>
Package pdftex.def Info: ../assets/pants/green-linen-pants.png  used on input l
ine 81.
(pdftex.def)             Requested size: 118.93318pt x 184.58678pt.
<../assets/pants/navy-linen-pants.png, id=53, 576.1525pt x 928.46875pt>
File: ../assets/pants/navy-linen-pants.png Graphic file (type png)
<use ../assets/pants/navy-linen-pants.png>
Package pdftex.def Info: ../assets/pants/navy-linen-pants.png  used on input li
ne 84.
(pdftex.def)             Requested size: 118.93318pt x 191.65488pt.
<../assets/pants/grey-linen-pants.png, id=54, 682.55pt x 1119.18124pt>
File: ../assets/pants/grey-linen-pants.png Graphic file (type png)
<use ../assets/pants/grey-linen-pants.png>
Package pdftex.def Info: ../assets/pants/grey-linen-pants.png  used on input li
ne 87.
(pdftex.def)             Requested size: 118.93318pt x 195.00578pt.
<../assets/pants/Generative Fill.png, id=55, 709.65125pt x 1106.1325pt>
File: ../assets/pants/Generative Fill.png Graphic file (type png)
<use ../assets/pants/Generative Fill.png>
Package pdftex.def Info: ../assets/pants/Generative Fill.png  used on input lin
e 90.
(pdftex.def)             Requested size: 118.93318pt x 185.37328pt.
<../assets/pants/black-cotton-pants.png, id=56, 565.11125pt x 921.4425pt>
File: ../assets/pants/black-cotton-pants.png Graphic file (type png)
<use ../assets/pants/black-cotton-pants.png>
Package pdftex.def Info: ../assets/pants/black-cotton-pants.png  used on input 
line 95.
(pdftex.def)             Requested size: 118.93318pt x 193.91638pt.
<../assets/pants/black-linen-pants.png, id=57, 260.172pt x 260.172pt>
File: ../assets/pants/black-linen-pants.png Graphic file (type png)
<use ../assets/pants/black-linen-pants.png>
Package pdftex.def Info: ../assets/pants/black-linen-pants.png  used on input l
ine 98.
(pdftex.def)             Requested size: 118.93318pt x 118.93422pt.
<../assets/pants/black-nike-soft-pants.png, id=58, 356.33125pt x 1024.82875pt>
File: ../assets/pants/black-nike-soft-pants.png Graphic file (type png)
<use ../assets/pants/black-nike-soft-pants.png>
Package pdftex.def Info: ../assets/pants/black-nike-soft-pants.png  used on inp
ut line 101.
(pdftex.def)             Requested size: 118.93318pt x 342.05702pt.

Overfull \hbox (3.37975pt too wide) in paragraph at lines 79--103
\OT1/cmtt/m/n/10 space*2mm [] [] [] []
 []



[4 <../assets/pants/green-linen-pants.png> <../assets/pants/navy-linen-pants.pn
g> <../assets/pants/grey-linen-pants.png> <../assets/pants/Generative Fill.png>
 <../assets/pants/black-cotton-pants.png> <../assets/pants/black-linen-pants.pn
g> <../assets/pants/black-nike-soft-pants.png>]

! LaTeX Error: Unicode character  (U+000B)
               not set up for use with LaTeX.

See the LaTeX manual or LaTeX Companion for explanation.
Type  H <return>  for immediate help.
 ...                                              
                                                  
l.104 \section*{Shoes}
                       space*{2mm}
You may provide a definition with
\DeclareUnicodeCharacter 

<../assets/shoes/adidas-samba-white-bordeaux.png, id=68, 827.09pt x 555.07375pt
>
File: ../assets/shoes/adidas-samba-white-bordeaux.png Graphic file (type png)
<use ../assets/shoes/adidas-samba-white-bordeaux.png>
Package pdftex.def Info: ../assets/shoes/adidas-samba-white-bordeaux.png  used 
on input line 106.
(pdftex.def)             Requested size: 118.93318pt x 79.81027pt.
<../assets/shoes/adidas-samba-white-green.png, id=69, 773.89125pt x 470.75874pt
>
File: ../assets/shoes/adidas-samba-white-green.png Graphic file (type png)
<use ../assets/shoes/adidas-samba-white-green.png>
Package pdftex.def Info: ../assets/shoes/adidas-samba-white-green.png  used on 
input line 109.
(pdftex.def)             Requested size: 118.93318pt x 72.3419pt.
<../assets/shoes/new-balance-white.png, id=70, 1038.88126pt x 588.1975pt>
File: ../assets/shoes/new-balance-white.png Graphic file (type png)
<use ../assets/shoes/new-balance-white.png>
Package pdftex.def Info: ../assets/shoes/new-balance-white.png  used on input l
ine 112.
(pdftex.def)             Requested size: 118.93318pt x 67.33163pt.
<../assets/shoes/mocassino-beige.png, id=71, 848.16875pt x 511.9125pt>
File: ../assets/shoes/mocassino-beige.png Graphic file (type png)
<use ../assets/shoes/mocassino-beige.png>
Package pdftex.def Info: ../assets/shoes/mocassino-beige.png  used on input lin
e 115.
(pdftex.def)             Requested size: 118.93318pt x 71.77661pt.
<../assets/shoes/brown-chelsea-boots.png, id=72, 965.6075pt x 734.745pt>
File: ../assets/shoes/brown-chelsea-boots.png Graphic file (type png)
<use ../assets/shoes/brown-chelsea-boots.png>
Package pdftex.def Info: ../assets/shoes/brown-chelsea-boots.png  used on input
 line 120.
(pdftex.def)             Requested size: 118.93318pt x 90.49754pt.
<../assets/shoes/new-balance-large-sole-military-green.png, id=73, 930.47626pt 
x 513.92pt>
File: ../assets/shoes/new-balance-large-sole-military-green.png Graphic file (t
ype png)
<use ../assets/shoes/new-balance-large-sole-military-green.png>
Package pdftex.def Info: ../assets/shoes/new-balance-large-sole-military-green.
png  used on input line 123.
(pdftex.def)             Requested size: 118.93318pt x 65.68272pt.
<../assets/shoes/golden-goose-bianche-verdi.png, id=74, 764.8575pt x 508.90125p
t>
File: ../assets/shoes/golden-goose-bianche-verdi.png Graphic file (type png)
<use ../assets/shoes/golden-goose-bianche-verdi.png>
Package pdftex.def Info: ../assets/shoes/golden-goose-bianche-verdi.png  used o
n input line 126.
(pdftex.def)             Requested size: 118.93318pt x 79.12737pt.
<../assets/shoes/golden-goose-nere.png, id=75, 922.44624pt x 576.1525pt>
File: ../assets/shoes/golden-goose-nere.png Graphic file (type png)
<use ../assets/shoes/golden-goose-nere.png>
Package pdftex.def Info: ../assets/shoes/golden-goose-nere.png  used on input l
ine 129.
(pdftex.def)             Requested size: 118.93318pt x 74.27826pt.
<../assets/shoes/black-chelsea-boots.png, id=76, 734.745pt x 636.3775pt>
File: ../assets/shoes/black-chelsea-boots.png Graphic file (type png)
<use ../assets/shoes/black-chelsea-boots.png>
Package pdftex.def Info: ../assets/shoes/black-chelsea-boots.png  used on input
 line 134.
(pdftex.def)             Requested size: 118.93318pt x 103.00714pt.
<../assets/shoes/salomon-xt-4-og.png, id=77, 1097.09875pt x 653.44125pt>
File: ../assets/shoes/salomon-xt-4-og.png Graphic file (type png)
<use ../assets/shoes/salomon-xt-4-og.png>
Package pdftex.def Info: ../assets/shoes/salomon-xt-4-og.png  used on input lin
e 137.
(pdftex.def)             Requested size: 118.93318pt x 70.83183pt.

Overfull \hbox (3.37975pt too wide) in paragraph at lines 104--139
\OT1/cmtt/m/n/10 space*2mm [] [] [] []
 []


Overfull \hbox (90.8132pt too wide) in paragraph at lines 104--139
 [] [] [] []   []
 []



[5 <../assets/shoes/adidas-samba-white-bordeaux.png> <../assets/shoes/adidas-sa
mba-white-green.png> <../assets/shoes/new-balance-white.png> <../assets/shoes/m
ocassino-beige.png> <../assets/shoes/brown-chelsea-boots.png> <../assets/shoes/
new-balance-large-sole-military-green.png> <../assets/shoes/golden-goose-bianch
e-verdi.png> <../assets/shoes/golden-goose-nere.png> <../assets/shoes/black-che
lsea-boots.png> <../assets/shoes/salomon-xt-4-og.png>]
(./catalog-20251015-110047.aux)
 ***********
LaTeX2e <2024-11-01> patch level 2
L3 programming layer <2025-01-18>
 ***********
 ) 
Here is how much of TeX's memory you used:
 2428 strings out of 474662
 48792 string characters out of 5751109
 431443 words of memory out of 5000000
 25494 multiletter control sequences out of 15000+600000
 559342 words of font info for 39 fonts, out of 8000000 for 9000
 319 hyphenation exceptions out of 8191
 57i,6n,65p,218b,208s stack positions out of 10000i,1000n,20000p,200000b,200000s
</usr/local/texlive/2025basic/texmf-dist/fonts/type1/public/amsfonts/cm/cmtt1
0.pfb></usr/local/texlive/2025basic/texmf-dist/fonts/type1/public/amsfonts/cm/c
mtt12.pfb></usr/local/texlive/2025basic/texmf-dist/fonts/type1/public/amsfonts/
cm/cmtt8.pfb>
Output written on catalog-20251015-110047.pdf (5 pages, 32829153 bytes).
PDF statistics:
 105 PDF objects out of 1000 (max. 8388607)
 22 compressed objects within 1 object stream
 0 named destinations out of 1000 (max. 500000)
 176 words of extra memory for PDF output out of 10000 (max. 10000000)

